[    0.000000] Initializing cgroup subsys cpuset
[    0.000000] Initializing cgroup subsys cpu
[    0.000000] Initializing cgroup subsys cpuacct
[    0.000000] Linux version 4.4.0-143-generic (buildd@lgw01-amd64-041) (gcc version 5.4.0 20160609 (Ubuntu 5.4.0-6ubuntu1~16.04.10) ) #169-Ubuntu SMP Thu Feb 7 07:56:38 UTC 2019 (Ubuntu 4.4.0-143.169-generic 4.4.170)
[    0.000000] Command line: BOOT_IMAGE=/boot/vmlinuz-4.4.0-143-generic root=LABEL=cloudimg-rootfs ro console=tty1 console=ttyS0
[    0.000000] KERNEL supported cpus:
[    0.000000]   Intel GenuineIntel
[    0.000000]   AMD AuthenticAMD
[    0.000000]   Centaur CentaurHauls
[    0.000000] x86/fpu: xstate_offset[2]:  576, xstate_sizes[2]:  256
[    0.000000] x86/fpu: Supporting XSAVE feature 0x01: 'x87 floating point registers'
[    0.000000] x86/fpu: Supporting XSAVE feature 0x02: 'SSE registers'
[    0.000000] x86/fpu: Supporting XSAVE feature 0x04: 'AVX registers'
[    0.000000] x86/fpu: Enabled xstate features 0x7, context size is 832 bytes, using 'standard' format.
[    0.000000] e820: BIOS-provided physical RAM map:
[    0.000000] BIOS-e820: [mem 0x0000000000000000-0x000000000009fbff] usable
[    0.000000] BIOS-e820: [mem 0x000000000009fc00-0x000000000009ffff] reserved
[    0.000000] BIOS-e820: [mem 0x00000000000f0000-0x00000000000fffff] reserved
[    0.000000] BIOS-e820: [mem 0x0000000000100000-0x000000007ffeffff] usable
[    0.000000] BIOS-e820: [mem 0x000000007fff0000-0x000000007fffffff] ACPI data
[    0.000000] BIOS-e820: [mem 0x00000000fec00000-0x00000000fec00fff] reserved
[    0.000000] BIOS-e820: [mem 0x00000000fee00000-0x00000000fee00fff] reserved
[    0.000000] BIOS-e820: [mem 0x00000000fffc0000-0x00000000ffffffff] reserved
[    0.000000] NX (Execute Disable) protection: active
[    0.000000] SMBIOS 2.5 present.
[    0.000000] Hypervisor detected: KVM
[    0.000000] e820: last_pfn = 0x7fff0 max_arch_pfn = 0x400000000
[    0.000000] MTRR: Disabled
[    0.000000] x86/PAT: MTRRs disabled, skipping PAT initialization too.
[    0.000000] CPU MTRRs all blank - virtualized system.
[    0.000000] x86/PAT: Configuration [0-7]: WB  WT  UC- UC  WB  WT  UC- UC  
[    0.000000] found SMP MP-table at [mem 0x0009fff0-0x0009ffff] mapped at [ffff88000009fff0]
[    0.000000] Scanning 1 areas for low memory corruption
[    0.000000] RAMDISK: [mem 0x362fa000-0x37174fff]
[    0.000000] ACPI: Early table checksum verification disabled
[    0.000000] ACPI: RSDP 0x00000000000E0000 000024 (v02 VBOX  )
[    0.000000] ACPI: XSDT 0x000000007FFF0030 00003C (v01 VBOX   VBOXXSDT 00000001 ASL  00000061)
[    0.000000] ACPI: FACP 0x000000007FFF00F0 0000F4 (v04 VBOX   VBOXFACP 00000001 ASL  00000061)
[    0.000000] ACPI: DSDT 0x000000007FFF0470 0021FF (v02 VBOX   VBOXBIOS 00000002 INTL 20180105)
[    0.000000] ACPI: FACS 0x000000007FFF0200 000040
[    0.000000] ACPI: FACS 0x000000007FFF0200 000040
[    0.000000] ACPI: APIC 0x000000007FFF0240 00005C (v02 VBOX   VBOXAPIC 00000001 ASL  00000061)
[    0.000000] ACPI: SSDT 0x000000007FFF02A0 0001CC (v01 VBOX   VBOXCPUT 00000002 INTL 20180105)
[    0.000000] No NUMA configuration found
[    0.000000] Faking a node at [mem 0x0000000000000000-0x000000007ffeffff]
[    0.000000] NODE_DATA(0) allocated [mem 0x7ffeb000-0x7ffeffff]
[    0.000000] kvm-clock: Using msrs 4b564d01 and 4b564d00
[    0.000000] kvm-clock: cpu 0, msr 0:7ffe3001, primary cpu clock
[    0.000000] kvm-clock: using sched offset of 6767466441 cycles
[    0.000000] clocksource: kvm-clock: mask: 0xffffffffffffffff max_cycles: 0x1cd42e4dffb, max_idle_ns: 881590591483 ns
[    0.000000] Zone ranges:
[    0.00000]   DMA      [mem 0x0000000000001000-0x0000000000ffffff]
[    0.000000]   DMA32    [mem 0x0000000001000000-0x000000007ffeffff]
[    0.000000]   Normal   empty
[    0.000000]   Device   empty
[    0.000000] Movable zone start for each node
[    0.000000] Early memory node ranges
[    0.000000]   node   0: [mem 0x0000000000001000-0x000000000009efff]
[    0.000000]   node   0: [mem 0x0000000000100000-0x000000007ffeffff]
[    0.000000] Initmem setup node 0 [mem 0x0000000000001000-0x000000007ffeffff]
[    0.000000] ACPI: PM-Timer IO Port: 0x4008
[    0.000000] IOAPIC[0]: apic_id 2, version 32, address 0xfec00000, GSI 0-23
[    0.000000] ACPI: INT_SRC_OVR (bus 0 bus_irq 0 global_irq 2 dfl dfl)
[    0.000000] ACPI: INT_SRC_OVR (bus 0 bus_irq 9 global_irq 9 low level)
[    0.000000] Using ACPI (MADT) for SMP configuration information
[    0.000000] smpboot: Allowing 2 CPUs, 0 hotplug CPUs
[    0.000000] PM: Registered nosave memory: [mem 0x00000000-0x00000fff]
[    0.000000] PM: Registered nosave memory: [mem 0x0009f000-0x0009ffff]
[    0.000000] PM: Registered nosave memoy: [mem 0x000a0000-0x000effff]
[    0.000000] PM: Registered nosave memory: [mem 0x000f0000-0x000fffff]
[    0.000000] e820: [mem 0x80000000-0xfebfffff] available for PCI devices
[    0.000000] Booting paravirtualized kernel on KVM
[    0.000000] clocksource: refined-jiffies: mask: 0xffffffff max_cycles: 0xffffffff, max_idle_ns: 7645519600211568 ns
[    0.000000] setup_percpu: NR_CPUS:512 nr_cpumask_bits:512 nr_cpu_ids:2 nr_node_ids:1
[    0.000000] PERCPU: Embedded 34 pages/cpu @ffff88007fc00000 s99480 r8192 d31592 u1048576
[    0.000000] Built 1 zonelists in Node order, mobility grouping on.  Total pages: 515960
[    0.000000] Policyone: DMA32
[    0.000000] Kernel command line: BOOT_IMAGE=/boot/vmlinuz-4.4.0-143-generic root=LABEL=cloudimg-rootfs ro console=tty1 console=ttyS0
[    0.000000] PID hash table entries: 4096 (order: 3, 32768 bytes)
[    0.000000] Memory: 2029896K/2096696K available (8608K kernel code, 1332K rwdata, 4008K rodata, 1484K init, 1316K bss, 66800K reserved, 0K cma-reserved)
[    0.000000] SLUB: HWalign=64, Order=0-3, MinObjects=0, CPUs=2, Nodes=1
[    0.000000] Kernel/User page tables isolation: enabled
[    0.000000] Hierarchical RCU implementation.
[    0.000000] 	Build-time adjustment of leaf fanout to 64.
[    0.000000] 	RCU restricting CPUs from NR_CPUS=512 to nr_cpu_ids=2.
[    0.000000] RCU: Adjusting geometry for rcu_fanout_leaf=64, nr_cpu_ids=2
[    0.000000] NR_IRQS:33024 nr_irqs:440 16
[    0.000000] Console: colour VGA+ 80x25
[    0.000000] console [tty1] enabled
[    0.000000] console [ttyS0] enabled
[    0.000000] tsc: Detected 1696.143 MHz processor
[    0.788428] Calibrating delay loop (skipped) preset value.. 3392.28 BogoMIPS (lpj=6784572)
[    0.829213] pid_max: default: 32768 minimum: 301
[    0.831328] ACPI: Core revision 20150930
[    0.835903] ACPI: 2 ACPI AML tables successfully acquired and loaded
[    0.844241] Security Framework initialized
[    0.846141] Yama: becoming mindful.
[    0.847830] AppArmor: AppArmor initialized
[    0.855441] Dentry cache hash table entries: 262144 (order: 9, 2097152 bytes)
[    0.864372] Inode-cache hash table entries: 131072 (order: 8, 1048576 bytes)
[    0.872386] Mount-cache hash table entries: 4096 (order: 3, 32768 bytes)
[    0.880424] Mountpoint-cache hash table entries: 4096 (order: 3, 32768 bytes)
[    0.892694] Initializing cgroup subsys io
[    0.899821] Initializing cgroup subsys memory
[    0.901795] Initializing cgroup subsys devices
[    0.910818] Initializing cgroup subsys freezer
[    0.923783] Initializing cgroup subsys net_cls
[    0.927010] Initializing cgroup subsys perf_event
[    0.934405] Initializing cgroup subsys net_prio
[    0.941494] Initializing cgroup subsys hugetlb
[    0.943172] Initializing cgroup subsys pids
[    0.946011] mce: CPU supports 0 MCE banks
[    0.955169] Last level iTLB entries: 4KB 1024, 2MB 1024, 4MB 1024
[    0.962497] Last level dTLB entries: 4KB 1024, 2MB 1024, 4MB 1024, 1GB 4
[    0.971141] Spectre V2 : Mitigation: Full generic retpoline
[    0.973014] Spectre V2 : Spectre v2 / SpectreRSB mitigation: Filling RSB on context switch
[    0.976642] Speculative Store Bypass: Vulnerable
[    0.987637] Freeing SMP alternatives memory: 32K
[    1.003280] ftrace: allocating 32278 entries in 127 pages
[    1.102246] smpboot: APIC(0) Converting physical 0 to logical package 0
[    1.104498] smpboot: Max logical packages: 1
[    1.106501] x2apic enabled
[    1.108020] Switched APIC routing to physical x2apic.
[    1.117451] ..TIMER: vector=0x30 apic1=0 pin1=2 apic2=-1 pin2=-1
[    1.225602] smpboot: CPU0: Intel(R) Core(TM) i3-4005U CPU @ 1.70GHz (family: 0x6, model: 0x45, stepping: 0x1)
[    1.229361] Performance Events: unsupported p6 CPU model 69 no PMU driver, software events only.
[    1.250040] KVM setup paravirtual spinlock
[    1.253524] x86: Booting SMP configuration:
[    1.259605] .... node  #0, CPUs:      #1
[    1.261473] kvm-clock: cpu 1, msr 0:7ffe3041, secondary cpu clock
[    1.265994] mce: CPU supports 0 MCE banks
[    1.269012] x86: Booted up 1 node, 2 CPUs
[    1.270854] smpboot: Total of 2 processors activated (6784.57 BogoMIPS)
[    1.273856] devtmpfs: initialized
[    1.277845] evm: security.selinux
[    1.282243] evm: security.SMACK64
[    1.286381] evm: security.SMACK64EXEC
[    1.293499] evm: security.SMACK64TRANSMUTE
[    1.295286] evm: security.SMACK64MMAP
[    1.296913] evm: security.ima
[    1.298417] evm: security.capability
[    1.300375] clocksource: jiffies: mask: 0xffffffff max_cycles: 0xffffffff, max_idle_ns: 7645041785100000 ns
[    1.304287] futex hash table entries: 512 (order: 3, 32768 bytes)
[    1.312509] pinctrl core: initialized pinctrl subsystem
[    1.314957] RTC time: 16:46:18, date: 04/02/19
[    1.318618] NET: Registered protocol family 16
[    1.330327] cpuidle: using governor ladder
[    1.341615] cpuidle: using governor menu
[    1.356576] PCCT header not found.
[    1.363289] ACPI: bus type PCI registered
[    1.374439] acpiphp: ACPI Hot Plug PCI Controller Driver version: 0.5
[    1.400056] PCI: Using configuration type 1 for base access
[    1.418898] ACPI: Added _OSI(Module Device)
[    1.420440] ACPI: Added _OSI(Processor Device)
[    1.421990] ACPI: Added _OSI(3.0 _SCP Extensions)
[    1.423413] ACPI: Added _OSI(Processor Aggregator Device)
[    1.428770] ACPI: Executed 1 blocks of module-level executable AML code
[    1.433984] ACPI: Interpreter enabled
[    1.435214] ACPI: (supports S0 S5)
[    1.436334] ACPI: Using IOAPIC for interrupt routing
[    1.438314] PCI: Using host bridge windows from ACPI; if necessary, use "pci=nocrs" and report a bug
[    1.451924] ACPI: PCI Root Bridge [PCI0] (domain 0000 [bus 00-ff])
[    1.459068] acpi PNP0A03:00: _OSC: OS supports [ASPM ClockPM Segments MSI]
[    1.461267] acpi PNP0A03:00: _OSC: not requesting OS control; OS requires [ExtendedConfig ASPM ClockPM MSI]
[    1.464569] acpi PNP0A03:00: fail to add MMCONFIG information, can't access extended PCI configuration space under this bridge.
[    1.468784] PCI host bridge to bus 0000:00
[    1.470363] pci_bus 0000:00: root bus resource [io  0x0000-0x0cf7 window]
[    1.477773] pci_bus 0000:00: root bus resource [io  0x0d00-0xffff window]
[    1.485652] pci_bus 0000:00: root bus resource [mem 0x000a0000-0x000bffff window]
[    1.488553] pci_bus 0000:00: root bus resource [mem 0x80000000-0xfdffffff window]
[    1.491958] pci_bus 0000:00: root bus resource [bus 00-ff]
[    1.496210] pci 0000:00:01.1: legacy IDE quirk: reg 0x10: [io  0x01f0-0x01f7]
[    1.498358] pci 0000:00:01.1: legacy IDE quirk: reg 0x14: [io  0x03f6]
[    1.500435] pci 0000:00:01.1: legacy IDE quirk: reg 0x18: [io  0x0170-0x0177]
[    1.502692] pci 0000:00:01.1: legacy IDE quirk: reg 0x1c: [io  0x0376]
[    1.560543] pci 0000:00:07.0: quirk: [io  0x4000-0x403f] claimed by PIIX4 ACPI
[    1.582699] pci 0000:00:07.0: quirk: [io  0x4100-0x410f] claimed by PIIX4 SMB
[    1.636061] ACPI: PCI Interrupt Link [LNKA] (IRQs 5 9 10 *11)
[    1.639922] ACPI: PCI Interrupt Link [LNKB] (IRQs 5 9 *10 11)
[    1.648567] ACPI: PCI Interrupt Link [LNKC] (IRQs 5 *9 10 11)
[    1.652455] ACPI: PCI Interrupt Link [LNKD] (IRQs 5 9 10 *11)
[    1.655339] ACPI: Enabled 2 GPEs in block 00 to 07
[    1.660308] vgaarb: setting as boot device: PCI:0000:00:02.0
[    1.661994] vgaarb: device added: PCI:0000:00:02.0,decodes=io+mem,owns=io+mem,locks=none
[    1.664742] vgaarb: loaded
[    1.666239] vgaarb: bridge control possible 0000:00:02.0
[    1.671883] SCSI subsystem initialized
[    1.673889] ACPI: bus type USB registered
[    1.675376] usbcore: registered new interface driver usbfs
[    1.677555] usbcore: registered new interface driver hub
[    1.679211] usbcore: registered new device driver usb
[    1.681474] PCI: Using ACPI for IRQ routing
[    1.688311] NetLabel: Initializing
[    1.689691] NetLabel:  domain hash size = 128
[    1.691282] NetLabel:  protocols = UNLABELED CIPSOv4
[    1.693033] NetLabel:  unlabeled traffic allowed by default
[    1.705992] amd_nb: Cannot enumerate AMD northbridges
[    1.709809] clocksource: Switched to clocksource kvm-clock
[    1.722635] AppArmor: AppArmor Filesystem Enabled
[    1.724544] pnp: PnP ACPI init
[    1.726962] pnp: PnP ACPI: found 3 devices
[    1.744498] clocksource: acpi_pm: mask: 0xffffff max_cycles: 0xffffff, max_idle_ns: 2085701024 ns
[    1.748301] NET: Registered protocol family 2
[    1.750233] TCP established hash table entries: 16384 (order: 5, 131072 bytes)
[    1.753227] TCP bind hash table entries: 16384 (order: 6, 262144 bytes)
[    1.786198] TCP: Hash tables configured (established 16384 bind 16384)
[    1.788875] UDP hash table entries: 1024 (order: 3, 32768 bytes)
[    1.790946] UDP-Lite hash table entries: 1024 (order: 3, 32768 bytes)
[    1.793172] NET: Registered protocol family 1
    1.794756] pci 0000:00:00.0: Limiting direct PCICI transfers
[    1.897681] pci 0000:00:01.0: Activating ISA DMA hang workarounds
[    1.900473] Unpacking initramfs...

[    2.279078] Freeing initrd memory: 14828K
[    2.280791] RAPL PMU detected, API unit is 2^-32 Joules, 4 fixed counters 10737418240 ms ovfl timer
[    2.305638] hw unit of domain pp0-core 2^-0 Joules
[    2.307061] hw unit of domain package 2^-0 Joules
[    2.308457] hw unit of domain dram 2^-0 Joules
[    2.310036] hw unit of domain pp1-gpu 2^-0 Joules
[    2.311802] platform rtc_cmos: registered platform RTC device (no PNP device found)
[    2.314610] Scanning for low memory corruption every 60 seconds
[    2.326519] audit: initializing netlink subsys (disabled)
[    2.328119] audit: type=2000 audit(1554223586.399:1): initialized
[    2.330251] Initialise system trusted keyring
[    2.341752] HugeTLB registered 2 MB page size, pre-allocated 0 pages
[    2.346653] zbud: loaded
[    2.348545] VFS: Disk quotas dquot_6.6.0
[    2.355477] VFS: Dquot-cache hash table entries: 512 (order 0, 4096 bytes)
[    2.359563] squashfs: version 4.0 (2009/01/31) Phillip Lougher
[    2.361677] fuse init (API version 7.23)
[    2.363186] Key type big_key registered
[    2.364477] Allocating IMA MOK and blacklist keyrings.
[    2.369207] Key type asymmetric registered
[    2.370645] Asymmetric key parser 'x509' registered
[    2.372542] Block layer SCSI generic (bsg) driver version 0.4 loaded (major 249)
[    2.377700] io scheduler noop registered
[    2.379405] io scheduler deadline registered (default)
[    2.387532] io scheduler cfq registered
[    2.407911] pci_hotplug: PCI Hot Plug PCI Core version: 0.5
[    2.409465] pciehp: PCI Express Hot Plug Controller Driver version: 0.4
[    2.411471] ACPI: AC Adapter [AC] (on-line)
[    2.412866] input: Power Button as /devices/LNXSYSTM:00/LNXPWRBN:00/input/input0
[    2.415250] ACPI: Power Button [PWRF]
[    2.416755] input: Sleep Button as /devices/LNXSYSTM:00/LNXSLPBN:00/input/input1
[    2.421729] ACPI: Sleep Button [SLPF]
[    2.424892] ACPI: Battery Slot [BAT0] (battery present)
[    2.427164] GHES: HEST is not enabled!
[    2.435643] Serial: 8250/16550 driver, 32 ports, IRQ sharing enabled
[    2.469185] 00:02: ttyS0 at I/O 0x3f8 (irq = 4, base_baud = 115200) is a 16550A
[    2.523088] Linux agpgart interface v0.103
[    2.528103] loop: module loaded
[    2.531975] scsi host0: ata_piix
[    2.555088] scsi host1: ata_piix
[    2.556439] ata1: PATA max UDMA/33 cmd 0x1f0 ctl 0x3f6 bmdma 0xd000 irq 14
[    2.558609] ata2: PATA max UDMA/33 cmd 0x170 ctl 0x376 bmdma 0xd008 irq 15
[    2.561657] libphy: Fixed MDIO Bus: probed
[    2.594660] tun: Universal TUN/TAP device driver, 1.6
[    2.596427] tun: (C) 1999-2004 Max Krasnyansky <maxk@qualcomm.com>
[    2.598567] PPP generic driver version 2.4.2
[    2.600277] ehci_hcd: USB 2.0 'Enhanced' Host Controller (EHCI) Driver
[    2.602434] ehci-pci: EHCI PCI platform driver
[    2.604111] ehci-platform: EHCI generic platform driver
[    2.605924] ohci_hcd: USB 1.1 'Open' Host Controller (OHCI) Driver
[    2.608023] ohci-pci: OHCI PCI platform driver
[    2.609635] ohci-platform: OHCI generic platform driver
[    2.611468] uhci_hcd: USB Universal Host Controller Interface driver
[    2.613665] i8042: PNP: PS/2 Controller [PNP0303:PS2K,PNP0f03:PS2M] at 0x60,0x64 irq 1,12
[    2.617264] serio: i8042 KBD port at 0x60,0x64 irq 1
[    2.619080] serio: i8042 AUX port at 0x60,0x64 irq 12
[    2.621039] mousedev: PS/2 mouse device common for all mice
[    2.623731] input: AT Translated Set 2 keyboard as /devices/platform/i8042/serio0/input/input2
[    2.626882] rtc_cmos rtc_cmos: rtc core: registered rtc_cmos as rtc0
[    2.629180] rtc_cmos rtc_cmos: alarms up to one day, 114 bytes nvram
[    2.631319] i2c /dev entries driver
[    2.632741] device-mapper: uevent: version 1.0.3
[    2.634498] device-mapper: ioctl: 4.34.0-ioctl (2015-10-28) initialised: dm-devel@redhat.com
[    2.646618] ledtrig-cpu: registered to indicate activity on CPUs
[    2.649395] NET: Registered protocol family 10
[    2.652569] NET: Registered protocol family 17
[    2.654253] Key type dns_resolver registered
[    2.656177] registered taskstats version 1
[    2.657711] Loading compiled-in X.509 certificates
[    2.660529] Loaded X.509 cert 'Build time autogenerated kernel key: d03773f65dd2b75b701d4dd50cb1e8d0c07b3b6e'
[    2.682767] zswap: loaded using pool lzo/zbud
[    2.687335] Key type trusted registered
[    2.694032] Key type encrypted registered
[    2.695540] AppArmor: AppArmor sha1 policy hashing enabled
[    2.697874] ima: No TPM chip found, activating TPM-bypass!
[    2.725443] ima: Allocated hash algorithm: sha1
[    2.726907] evm: HMAC attrs: 0x1
[    2.728544]   Magic number: 15:70:792
[    2.729903] rtc_cmos rtc_cmos: setting system clock to 2019-04-02 16:46:19 UTC (1554223579)
[    2.806003] BIOS EDD facility v0.16 2004-Jun-25, 0 devices found
[    2.808127] EDD information not available.
[    2.811648] Freeing unused kernel memory: 1484K
[    2.825958] Write protecting the kernel read-only data: 14336k
[    2.829704] Freeing unused kernel memory: 1620K
[    2.832738] Freeing unused kernel memory: 88K
Loading, please wait...
starting version[    2.861351] random: systemd-udevd: uninitialized urandom read (16 bytes read, 3 bits of entropy available)
 229
[    2.863170] random: udevadm: uninitialized urandom read (16 bytes read, 3 bits of entropy available)
[    2.863199] random: udevadm: uninitialized urandom read (16 bytes read, 3 bits of entropy available)
[    2.876788] random: udevadm: uninitialized urandom read (16 bytes read, 3 bits of entropy available)
[    2.876897] random: udevadm: uninitialized urandom read (16 bytes read, 3 bits of entropy available)
[    2.877242] random: udevadm: uninitialized urandom read (16 bytes read, 3 bits of entropy available)
[    2.877377] random: udevadm: uninitialized urandom read (16 bytes read, 3 bits of entropy available)
[    2.877510] random: udevadm: uninitialized urandom read (16 bytes read, 3 bits of entropy available)
[    2.877646] random: udevadm: uninitialized urandom read (16 bytes read, 3 bits of entropy available)
[    2.877773] random: udevadm: uninitialized urandom read (16 bytes read, 3 bits of entropy available)
[    2.974350] e1000: Intel(R) PRO/1000 Network Driver - version 7.3.21-k8-NAPI
[    2.986843] e1000: Copyright (c) 1999-2006 Intel Corporation.
[    2.993333] Fusion MPT base driver 3.04.20
[    2.999321] Copyright (c) 1999-2008 LSI Corporation
[    3.012652] Fusion MPT SPI Host driver 3.04.20
[    3.079414] AVX2 version of gcm_enc/dec engaged.
[    3.095991] AES CTR mode by8 optimization enabled
[    3.253654] input: ImExPS/2 Generic Explorer Mouse as /devices/platform/i8042/serio1/input/input4
[    3.309884] tsc: Refined TSC clocksource calibration: 1694.997 MHz
[    3.311798] clocksource: tsc: mask: 0xffffffffffffffff max_cycles: 0x186eb12ef90, max_idle_ns: 440795274252 ns
[    4.005696] e1000 0000:00:03.0 eth0: (PCI:33MHz:32-bit) 02:30:52:25:60:69
[    4.009104] e1000 0000:00:03.0 eth0: Intel(R) PRO/1000 Network Connection
[    5.011090] e1000 0000:00:08.0 eth1: (PCI:33MHz:32-bit) 08:00:27:a8:52:7e
[    5.019310] e1000 0000:00:08.0 eth1: Intel(R) PRO/1000 Network Connection
[    5.023787] mptbase: ioc0: Initiating bringup
[    5.025005] e1000 0000:00:03.0 enp0s3: renamed from eth0
[    5.039883] e1000 0000:00:08.0 enp0s8: renamed from eth1
[    5.098298] ioc0: LSI53C1030 A0: Capabilities={Initiator}
[    5.260421] scsi host2: ioc0: LSI53C1030 A0, FwRev=00000000h, Ports=1, MaxQ=256, IRQ=20
[    5.377671] scsi 2:0:0:0: Direct-Access     VBOX     HARDDISK         1.0  PQ: 0 ANSI: 5
[    5.381406] scsi target2:0:0: Beginning Domain Validation
[    5.385098] scsi target2:0:0: Domain Validation skipping write tests
[    5.411225] scsi target2:0:0: Ending Domain Validation
[    5.413531] scsi target2:0:0: asynchronous
[    5.416197] scsi 2:0:1:0: Direct-Access     VBOX     HARDDISK         1.0  PQ: 0 ANSI: 5
[    5.420940] scsi target2:0:1: Beginning Domain Validation
[    5.424724] scsi target2:0:1: Domain Validation skipping write tests
[    5.427326] scsi target2:0:1: Ending Domain Validation
[    5.429579] scsi target2:0:1: asynchronous
[    5.442447] sd 2:0:0:0: [sda] 20971520 512-byte logical blocks: (10.7 GB/10.0 GiB)
[    5.449144] sd 2:0:0:0: Attached scsi generic sg0 type 0
[    5.449151] sd 2:0:0:0: [sda] Write Protect is off
[    5.453776] sd 2:0:0:0: [sda] Incomplete mode parameter data
[    5.459538] sd 2:0:0:0: [sda] Assuming drive cache: write through
[    5.462947] sd 2:0:1:0: [sdb] 20480 512-byte logical blocks: (10.5 MB/10.0 MiB)
[    5.463142] sd 2:0:1:0: [sdb] Write Protect is off
[    5.463384] sd 2:0:1:0: [sdb] Incomplete mode parameter data
[    5.463387] sd 2:0:1:0: [sdb] Assuming drive cache: write through
[    5.464411] sd 2:0:1:0: Attached scsi generic sg1 type 0
[    5.513309]  sda: sda1
[    5.514742] sd 2:0:1:0: [sdb] Attached SCSI disk
[    5.545568] sd 2:0:0:0: [sda] Attached SCSI disk
Begin: Loading e[    7.247667] md: linear personality registered for level -1
ssential drivers ... [    7.261442] md: multipath personality registered for level -4
[    7.267978] md: raid0 personality registered for level 0
[    7.277736] md: raid1 personality registered for level 1
[    7.353864] raid6: sse2x1   gen()  4460 MB/s
[    7.425888] raid6: sse2x1   xor()  3812 MB/s
[    7.497861] raid6: sse2x2   gen()  5171 MB/s
[    7.581881] raid6: sse2x2   xor()  3455 MB/s
[    7.653874] raid6: sse2x4   gen()  5364 MB/s
[    7.721870] raid6: sse2x4   xor()  5064 MB/s
[    7.789871] raid6: avx2x1   gen()  7045 MB/s
[    7.857893] raid6: avx2x2   gen()  8225 MB/s
[    7.925864] raid6: avx2x4   gen()  9554 MB/s
[    7.937026] raid6: using algorithm avx2x4 gen() 9554 MB/s
[    7.939263] raid6: using avx2x2 recovery algorithm
[    7.944008] xor: automatically using best checksumming function:
[    8.014555]    avx       : 28259.000 MB/sec
[    8.018576] async_tx: api initialized (async)
[    8.039239] md: raid6 personality registered for level 6
[    8.041837] md: raid5 personality registered for level 5
[    8.049750] md: raid4 personality registered for level 4
[    8.066804] md: raid10 personality registered for level 10
done.
Begin: Running /scripts/init-premount ... done.
Begin: Mounting root file system ... Begin: Running /scripts/local-top ... done.
Begin: Running /scripts/local-premount ... [    8.151798] Btrfs loaded
Scanning for Btrfs filesystems
done.
Warning: fsck not present, so skipping root file system
[    8.283886] EXT4-fs (sda1): INFO: recovery required on readonly filesystem
[    8.285775] EXT4-fs (sda1): write access will be enabled during recovery
[    8.532968] EXT4-fs (sda1): recovery complete
[    8.535987] EXT4-fs (sda1): mounted filesystem with ordered data mode. Opts: (null)
done.
Begin: Running /scripts/local-bottom ... done.
Begin: Running /scripts/init-bottom ... done.
[    9.659237] random: nonblocking pool is initialized
[    9.967839] systemd[1]: systemd 229 running in system mode. (+PAM +AUDIT +SELINUX +IMA +APPARMOR +SMACK +SYSVINIT +UTMP +LIBCRYPTSETUP +GCRYPT +GNUTLS +ACL +XZ -LZ4 +SECCOMP +BLKID +ELFUTILS +KMOD -IDN)
[    9.972830] systemd[1]: Detected virtualization oracle.
[    9.974381] systemd[1]: Detected architecture x86-64.

Welcome to [1mUbuntu 16.04.6 LTS[0m!

[   10.004038] systemd[1]: Set hostname to <k8s-node-1>.
[   10.894795] systemd[1]: Listening on Journal Socket.
[[0;32m  OK  [0m] Listening on Journal Socket.
[   10.898372] systemd[1]: Started Trigger resolvconf update for networkd DNS.
[[0;32m  OK  [0m] Started Trigger resolvconf update for networkd DNS.
[   10.904610] systemd[1]: Created slice System Slice.
[[0;32m  OK  [0m] Created slice System Slice.
[   10.954149] systemd[1]: Starting Load Kernel Modules...
         Starting Load Kernel Modules...
[   10.978355] systemd[1]: Mounting Huge Pages File System...
         Mounting Huge Pages File System...
[   10.984410] systemd[1]: Reached target Swap.
[[0;32m  OK  [0m] Reached target Swap.
[   11.008313] systemd[1]: Starting Nameserver information manager...
         Starting Nameserver information manager...
[   11.012101] systemd[1]: Listening on Journal Socket (/dev/log).
[[0;32m  OK  [0m] Listening on Journal Socket (/dev/log).
[   11.023123] systemd[1]: Mounting Debug File System...
         Mounting Debug File System...
[   11.027887] systemd[1]: Listening on udev Kernel Socket.
[[0;32m  OK  [0m] Listening on udev Kernel Socket.
[   11.032518] systemd[1]: Starting Create list of required static device nodes for the current kernel...
         Starting Create list of required st... nodes for the current kernel...
[   11.053204] systemd[1]: Starting Remount Root and Kernel File Systems...
         Starting Remount Root and Kernel File Systems...
[   11.071739] systemd[1]: Starting Uncomplicated firewall...
[   11.083675] Loading iSCSI transport class v2.0-870.
         Starting Uncomplicated firewall...
[   11.088591] systemd[1]: Reached target User and Group Name Lookups.
[[0;32m  OK  [0m] Reached target User and Group Name Lookups.
[   11.114039] systemd[1]: Mounting POSIX Message Queue File System...
         Mounting POSIX Message Queue File System...
[   11.119810] systemd[1]: Started Forward Password Requests to Wall Directory Watch.
[[0;32m  OK  [0m] Started Forward Password Requests to Wall Directory Watch.
[   11.130518] systemd[1]: Starting Set console keymap...
         Starting Set console keymap...
[   11.139798] systemd[1]: Listening on LVM2 metadata daemon socket.
[[0;32m  OK  [0[   11.142616] iscsi: registered transport (tcp)
m] Listening on LVM2 metadata daemon socket.
[   11.152750] systemd[1]: Created slice User and Session Slice.
[[0;32m  OK  [0m] Created slice User and Session Slice.
[   11.165489] systemd[1]: Reached target System Time Synchronized.
[[0;32m  OK  [0m] Reached target System Time Synchronized.
[   11.170597] systemd[1]: Listening on Syslog Socket.
[[0;32m  OK  [0m] Listening on Syslog Socket.
[   11.174908] systemd[1]: Listening on LVM2 poll daemon socket.
[[0;32m  OK  [0m] Listening on LVM2 poll daemon socket.
[   11.183347] systemd[1]: Listening on Device-mapper event daemon FIFOs.
[[0;32m  OK  [0m] Listening on Device-mapper event daemon FIFOs.
[   11.197437] EXT4-fs (sda1): re-mounted. Opts: (null)
[   11.205925] systemd[1]: Starting Monitoring of LVM2 mirrors, snapshots etc. using dmeventd or progress polling...
         Starting Monitoring of LVM2 mirrors... dmeventd or progress polling...
[   11.220170] systemd[1]: Created slice system-serial\x2dgetty.slice.
[[0;32m  OK  [0m] Created slice system-serial\x2dgetty.slice.
[   11.234463] systemd[1]: Reached target Encrypted Volumes.
[[0;32m  OK  [0m] Reached target Encrypted Volumes.
[   11.245491] systemd[1]: Listening on Journal Audit Socket.
[[0;32m  OK  [0m] Listening on Journal Audit Socket.
[   11.262143] systemd[1]: Starting Journal Service...
         Starting Journal Service...
[   11.278460] systemd[1]: Listening on /dev/initctl Compatibility Named Pipe.
[[0;32m  OK  [0m] Listening on /dev/initctl Compatibility Named Pipe.
[   11.288113] systemd[1]: Reached target Slices.
[[0;32m  OK  [0m] Reached target Slices.
[   11.291363] systemd[1]: Listening on udev Control Socket.
[[0;32m  OK  [0m] Listening on udev Control Socket.
[   11.298508] systemd[1]: Set up automount Arbitrary Executable File Formats File System Automount Point.
[[0;32m  OK  [0m] Set up automount Arbitrary Executab...ats File System Automount Point.
[   11.447247] systemd[1]: Mounted POSIX Message Queue File System.
[[0;32m  OK  [0m] Mounted POSIX Message Queue File System.
[   11.451360] systemd[1]: Mounted Debug File System.
[[0;32m  OK  [0m] Mounted Debug File System.
[   11.455137] systemd[1]: Mounted Huge Pages File System.
[[0;32m  OK  [0m] Mounted Huge Pages File System.
[   11.463407] systemd[1]: Started Create list of required static device nodes for the current kernel.
[[0;32m  OK  [0m] Started Create list of required sta...ce nodes for the current kernel.
[   11.477408] systemd[1]: Started Remount Root and Kernel File Systems.
[[0;32m  OK  [0m] Started Remount Root and Kernel File Systems.
[   11.489832] systemd[1]: Started Uncomplicated firewall.
[[0;32m  OK  [0m] Started Uncomplicated firewall.
[   11.548660] iscsi: registered transport (iser)
[   11.606248] systemd[1]: Starting udev Coldplug all Devices...
         Starting udev Coldplug all Devices...
[   11.627729] systemd[1]: Starting Load/Save Random Seed...
         Starting Load/Save Random Seed...
[   11.681632] systemd[1]: Starting Create Static Device Nodes in /dev...
         Starting Create Static Device Nodes in /dev...
[   11.700212] systemd[1]: Started Load Kernel Modules.
[[0;32m  OK  [0m] Started Load Kernel Modules.
[   11.712988] systemd[1]: Started Nameserver information manager.
[[0;32m  OK  [0m] Started Nameserver information manager.
[   11.782035] systemd[1]: Mounting FUSE Control File System...
         Mounting FUSE Control File System...
[   11.807539] systemd[1]: Starting Apply Kernel Variables...
         Starting Apply Kernel Variables...
[   11.823201] systemd[1]: Mounted FUSE Control File System.
[[0;32m  OK  [0m] Mounted FUSE Control File System.
[   11.837599] systemd[1]: Started Set console keymap.
[[0;32m  OK  [0m] Started Set console keymap.
[   11.854550] systemd[1]: Started Load/Save Random Seed.
[[0;32m  OK  [0m] Started Load/Save Random Seed.
[   11.878270] systemd[1]: Started Journal Service.
[[0;32m  OK  [0m] Started Journal Service.
[[0;32m  OK  [0m] Started udev Coldplug all Devices.
[[0;32m  OK  [0m] Started LVM2 metadata daemon.
         Starting Flush Journal to Persistent Storage...
[[0;32m  OK  [0m] Started Apply Kernel Variables.
[[0;32m  OK  [0m] Started Flush Journal to Persistent Storage.
[[0;32m  OK  [0m] Started Create Static Device Nodes in /dev.
         Starting udev Kernel Device Manager...
[[0;32m  OK  [0m] Started Monitoring of LVM2 mirrors,...ng dmeventd or progress polling.
[[0;32m  OK  [0m] Reached target Local File Systems (Pre).
[[0;32m  OK  [0m] Reached target Local File Systems.
         Starting LSB: AppArmor initialization...
         Starting Tell Plymouth To Write Out Runtime Data...
         Starting Set console font and keymap...
         Starting Create Volatile Files and Directories...
         Starting Initial cloud-init job (pre-networking)...
[[0;32m  OK  [0m] Started udev Kernel Device Manager.
[[0;32m  OK  [0m] Started Tell Plymouth To Write Out Runtime Data.
[[0;32m  OK  [0m] Started Dispatch Password Requests to Console Directory Watch.
[[0;32m  OK  [0m] Started Create Volatile Files and Directories.
         Starting Update UTMP about System Boot/Shutdown...
[[0;32m  OK  [0m] Started Update UTMP about System Boot/Shutdown.
[[0;32m  OK  [0m] Found device /dev/ttyS0.
[[0;32m  OK  [0m] Listening on Load/Save RF Kill Switch Status /dev/rfkill Watch.
[[0;32m  OK  [0m] Found device 82540EM Gigabit Ethern...r (PRO/1000 MT Desktop Adapter).
[[0;32m  OK  [0m] Found device 82540EM Gigabit Ethern...r (PRO/1000 MT Desktop Adapter).
[[0;32m  OK  [0m] Started Set console font and keymap.
[[0;32m  OK  [0m] Created slice system-getty.slice.
[[0;32m  OK  [0m] Started LSB: AppArmor initialization.
[   35.973654] cloud-init[496]: Cloud-init v. 18.5-45-g3554ffe8-0ubuntu1~16.04.1 running 'init-local' at Tue, 02 Apr 2019 16:46:50 +0000. Up 32.20 seconds.
[[0;32m  OK  [0m] Started Initial cloud-init job (pre-networking).
[[0;32m  OK  [0m] Reached target Network (Pre).
[[0;32m  OK  [0m] Started ifup for enp0s8.
         Starting Raise network interfaces...
[[0;32m  OK  [0m] Started ifup for enp0s3.
[[0;32m  OK  [0m] Started Raise network interfaces.
         Starting Initial cloud-init job (metadata service crawler)...
[[0;32m  OK  [0m] Reached target Network.
[   41.243016] cloud-init[1073]: Cloud-init v. 18.5-45-g3554ffe8-0ubuntu1~16.04.1 running 'init' at Tue, 02 Apr 2019 16:46:56 +0000. Up 38.92 seconds.
[   41.251017] cloud-init[1073]: ci-info: ++++++++++++++++++++++++++++++++++++++Net device info+++++++++++++++++++++++++++++++++++++++
[   41.254371] cloud-init[1073]: ci-info: +--------+------+-----------------------------+---------------+--------+-------------------+
[   41.258273] cloud-init[1073]: ci-info: | Device |  Up  |           Address           |      Mask     | Scope  |     Hw-Address    |
[   41.261595] cloud-init[1073]: ci-info: +--------+------+-----------------------------+---------------+--------+-------------------+
[   41.288428] cloud-init[1073]: ci-info: | enp0s3 | True |          10.0.2.15          | 255.255.255.0 | global | 02:30:52:25:60:69 |
[   41.291748] cloud-init[1073]: ci-info: | enp0s3 | True |  fe80::30:52ff:fe25:6069/64 |       .       |  link  | 02:30:52:25:60:69 |
[   41.295106] cloud-init[1073]: ci-info: | enp0s8 | True |        192.168.205.11       | 255.255.255.0 | global | 08:00:27:a8:52:7e |
[   41.308751] cloud-init[1073]: ci-info: | enp0s8 | True | fe80::a00:27ff:fea8:527e/64 |       .       |  link  | 08:00:27:a8:52:7e |
[   41.312055] cloud-init[1073]: ci-info: |   lo   | True |          127.0.0.1          |   255.0.0.0   |  host  |         .         |
[   41.315736] cloud-init[1073]: ci-info: |   lo   | True |           ::1/128           |       .       |  host  |         .         |
[   41.333932] cloud-init[1073]: ci-info: +--------+------+-----------------------------+---------------+--------+-------------------+
[   41.337291] cloud-init[1073]: ci-info: ++++++++++++++++++++++++++++Route IPv4 info+++++++++++++++++++++++++++++
[   41.342409] cloud-init[1073]: ci-info: +-------+---------------+----------+---------------+-----------+-------+
[   41.345310] cloud-init[1073]: ci-info: | Route |  Destination  | Gateway  |    Genmask    | Interface | Flags |
[   41.348672] cloud-init[1073]: ci-info: +-------+---------------+----------+---------------+-----------+-------+
[   41.349397] cloud-init[1073]: ci-info: |   0   |    0.0.0.0    | 10.0.2.2 |    0.0.0.0    |   enp0s3  |   UG  |
[   41.349655] cloud-init[1073]: ci-info: |   1   |    10.0.2.0   | 0.0.0.0  | 255.255.255.0 |   enp0s3  |   U   |
[   41.349930] cloud-init[1073]: ci-info: |   2   | 192.168.205.0 | 0.0.0.0  | 255.255.255.0 |   enp0s8  |   U   |
[   41.350214] cloud-init[1073]: ci-info: +-------+---------------+----------+---------------+-----------+-------+
[   41.350494] cloud-init[1073]: ci-info: +++++++++++++++++++Route IPv6 info+++++++++++++++++++
[   41.350783] cloud-init[1073]: ci-info: +-------+-------------+---------+-----------+-------+
[   41.351112] cloud-init[1073]: ci-info: | Route | Destination | Gateway | Interface | Flags |
[[0;32m  OK  [0m] Started Initial cloud-init job (metadata service crawler).
[   41.352379] cloud-init[1073]: ci-info: +-------+-------------+---------+-----------+-------+
[   41.369872] cloud-init[1073]: ci-info: |   0   |  fe80::/64  |    ::   |   enp0s8  |   U   |
[   41.370430] cloud-init[1073]: ci-info: |   1   |  fe80::/64  |    ::   |   enp0s3  |   U   |
[   41.370725] cloud-init[1073]: ci-info: |   6   |   ff00::/8  |    ::   |   enp0s8  |   U   |
[   41.371019] cloud-init[1073]: ci-info: |   7   |   ff00::/8  |    ::   |   enp0s3  |   U   |
[   41.371309] cloud-init[1073]: ci-info: +-------+-------------+---------+-----------+-------+
[[0;32m  OK  [0m] Reached target Cloud-config availability.
[[0;32m  OK  [0m] Reached target Network is Online.
         Starting iSCSI initiator daemon (iscsid)...
[[0;32m  OK  [0m] Reached target System Initialization.
         Starting LXD - unix socket.
[[0;32m  OK  [0m] Started ACPI Events Check.
[[0;32m  OK  [0m] Reached target Paths.
         Starting Socket activation for snappy daemon.
[[0;32m  OK  [0m] Started Daily Cleanup of Temporary Directories.
[[0;32m  OK  [0m] Listening on ACPID Listen Socket.
[[0;32m  OK  [0m] Started Daily apt download activities.
[[0;32m  OK  [0m] Started Daily apt upgrade and clean activities.
[[0;32m  OK  [0m] Reached target Timers.
[[0;32m  OK  [0m] Listening on D-Bus System Message Bus Socket.
[[0;32m  OK  [0m] Listening on UUID daemon activation socket.
[[0;32m  OK  [0m] Listening on LXD - unix socket.
[[0;32m  OK  [0m] Listening on Socket activation for snappy daemon.
[[0;32m  OK  [0m] Reached target Sockets.
[[0;32m  OK  [0m] Reached target Basic System.
[[0;32m  OK  [0m] Started D-Bus System Message Bus.
         Starting LXD - container startup/shutdown...
[[0;32m  OK  [0m] Started FUSE filesystem for LXC.
         Starting LSB: MD monitoring daemon...
         Starting Login Service...
[[0;32m  OK  [0m] Started ACPI event daemon.
[[0;32m  OK  [0m] Started Unattended Upgrades Shutdown.
         Starting OpenBSD Secure Shell server...
[[0;32m  OK  [0m] Started Regular background program processing daemon.
         Starting LSB: Record successful boot for GRUB...
         Starting /etc/rc.local Compatibility...
         Starting Accounts Service...
         Starting Virtualbox guest utils...
         Starting Snappy daemon...
         Starting System Logging Service...
[[0;32m  OK  [0m] Started Deferred execution scheduler.
[[0;32m  OK  [0m] Started iSCSI initiator daemon (iscsid).
[[0;32m  OK  [0m] Started /etc/rc.local Compatibility.
         Starting Login to default iSCSI targets...
[[0;32m  OK  [0m] Started Login Service.
[[0;32m  OK  [0m] Started LSB: MD monitoring daemon.
[[0;32m  OK  [0m] Started LSB: Record successful boot for GRUB.
[[0;32m  OK  [0m] Started Login to default iSCSI targets.
[[0;32m  OK  [0m] Reached target Remote File Systems (Pre).
[[0;32m  OK  [0m] Reached target Remote File Systems.
         Starting Permit User Sessions...
         Starting LSB: automatic crash report generation...
         Starting LSB: Set the CPU Frequency Scaling governor to "ondemand"...
         Starting LSB: daemon to balance interrupts for SMP systems...
[[0;32m  OK  [0m] Started LSB: Set the CPU Frequency Scaling governor to "ondemand".
[[0;32m  OK  [0m] Started Permit User Sessions.
         Starting Terminate Plymouth Boot Screen...
         Starting Hold until boot process finishes up...
[[0;32m  OK  [0m] Started Hold until boot process finishes up.
[[0;32m  OK  [0m] Started Terminate Plymouth Boot Screen.
[[0;32m  OK  [0m] Started Serial Getty on ttyS0.
         Starting Set console scheme...
[[0;32m  OK  [0m] Started Getty on tty1.
[[0;32m  OK  [0m] Reached target Login Prompts.
[[0;32m  OK  [0m] Started Set console scheme.
[[0;32m  OK  [0m] Started System Logging Service.
[[0;32m  OK  [0m] Started LSB: automatic crash report generation.
[[0;32m  OK  [0m] Started LSB: daemon to balance interrupts for SMP systems.
[[0;32m  OK  [0m] Started Virtualbox guest utils.

Ubuntu 16.04.6 LTS k8s-node-1 ttyS0

k8s-node-1 login: [   64.812247] cloud-init[1323]: Cloud-init v. 18.5-45-g3554ffe8-0ubuntu1~16.04.1 running 'modules:config' at Tue, 02 Apr 2019 16:47:21 +0000. Up 63.23 seconds.
[   65.838015] cloud-init[1355]: Cloud-init v. 18.5-45-g3554ffe8-0ubuntu1~16.04.1 running 'modules:final' at Tue, 02 Apr 2019 16:47:23 +0000. Up 65.37 seconds.
[   65.838951] cloud-init[1355]: Cloud-init v. 18.5-45-g3554ffe8-0ubuntu1~16.04.1 finished at Tue, 02 Apr 2019 16:47:23 +0000. Datasource DataSourceNoCloud [seed=/dev/sdb][dsmode=net].  Up 65.82 seconds
[[0;32m  OK  [0m] Closed Load/Save RF Kill Switch Status /dev/rfkill Watch.
         Stopping ACPI event daemon...
[[0;32m  OK  [0m] Stopped target Timers.
         Stopping User Manager for UID 1000;         Stopping OpenBSD Secure Shell server...
         Stopping LSB: Set the CPU Frequency Scaling governor to "ondemand"...
         Stopping Unattended Upgrades Shutdown...
[[0;32m  OK  [0m] Stopped Wait until snapd is fully seeded.
         Stopping LXD - container startup/shutdown...
         Stopping System Logging Service...
         Stopping LSB: MD monitoring daemon...
         Stopping D-Bus System Message Bus...
[[0;32m  OK  [0m] Unmounted /var/lib/lxcfs.
[[0;32m  OK  [0m] Stopped ACPI event daemon.
[[0;32m  OK  [0m] Stopped Regular background program processing daemon.
[[0;32m  OK  [0m] Stopped Accounts Service.
[[0;32m  OK  [0m] Stopped System Logging Service.
[[0;32m  OK  [0m] Stopped Deferred execution scheduler.
[[0;32m  OK  [0m] Stopped          Stopping ACPI event daemon...
[[0;32m  OK  [0m] Stop         Stopping Getty on tty1...
         Stopping Docker Application Container Engine...
[[0;32m  OK  [0m] Stopped Wait until snapd is fully seeded.
         Stopping Regular background program processing daemon...
         Stopping Deferred execution scheduler...
         Stopping Virtualbox guest utils...
         Stopping D-Bus System Message Bus...
         Stopping OpenBSD Secure Shell server...
         Stopping FUSE filesystem for LXC...
         Stopping System Logging Service...
         Stopping LSB: Set up cgroupfs mounts....
         Stopping LSB: Record successful boot for GRUB...
         Stopping LSB: MD monitoring daemon...
         Stopping LSB: automatic crash report generation...
         Stopping LSB: daemon to balance interrupts for SMP systems...
         Stopping LSB: Set the CPU Frequency Scaling governor to "ondemand"...
[[0;32m  OK  [0m] Stopped Kubernetes transient mount ...s.io~secret/coredns-token-gtkps.
[[0;32m  OK  [0m] Unmounted /var/lib/lxcfs.
[[0;32m  OK  [0m] Stopped kubelet: The Kubernetes Node Agent.
[[0;32m  OK  [0m] Stopped System Logging Service.
[[0;32m  OK  [0m] Stopped Accounts Service.
[[0;32m  OK  [0m] Stopped Deferred execution scheduler.
[[0;32m  OK  [0m] Stopped ACPI event daemon.
[[0;32m  OK  [0m] Stopped Regular background program processing daemon.
[[0;32m  OK  [0m] Stopped OpenBSD Secure Shell server.
[[0;32m  OK  [0m] Stopped Authenticate and Authorize Users to Run Privileged Tasks.
[[0;32m  OK  [0m] Stopped Getty on tty1.
[[0;32m  OK  [0m] Stopped Serial Getty on ttyS0.
[[0;32m  OK  [0m] Stopped User Manager for UID 1000.
[[0;32m  OK  [0m] Stopped Session 2 of user vagrant.
[[0;32m  OK  [0m] Stopped D-Bus System Message Bus.
[[0;32m  OK  [0m] Stopped LSB: Set up cgroupfs mounts..
[[0;32m  OK  [0m] Stopped FUSE filesystem for LXC.
[[0;32m  OK  [0m] Stopped LXD - container startup/shutdown.
[[0;32m  OK  [0m] Stopped LSB: Record successful boot for GRUB.
[[0;32m  OK  [0m] Stopped LSB: daemon to balance interrupts for SMP systems.
[[0;32m  OK  [0m] Stopped LSB: Set the CPU Frequency Scaling governor to "ondemand".
[[0;32m  OK  [0m] Stopped Virtualbox guest utils.
[[0;32m  OK  [0m] Stopped LSB: MD monitoring daemon.
[[0;32m  OK  [0m] Stopped LSB: automatic crash report generation.
[[0;32m  OK  [0m] Removed slice User Slice of vagrant.
         Stopping Login Service...
[[0;32m  OK  [0m] Removed slice system-serial\x2dgetty.slice.
[[0;32m  OK  [0m] Stopped /etc/rc.local Compatibility.
[[0;32m  OK  [0m] Removed slice system-getty.slice.
         Stopping Permit User Sessions...
[[0;32m  OK  [0m] Stopped Permit User Sessions.
[[0;32m  OK  [0m] Stopped Login Service.
[[0;32m  OK  [0m] Unmounted /var/lib/docker/aufs/mnt/...e5acaec22dc05611f79ccbf98775882.
[[0;32m  OK  [0m] Stopped target User and Group Name Lookups.
[[0;32m  OK  [0m] Stopped target Remote File Systems.
[[0;32m  OK  [0m] Stopped target Remote File Systems (Pre).
         Stopping Login to default iSCSI targets...
[[0;32m  OK  [0m] Unmounted /var/lib/docker/aufs/mnt/...b04ff84ca45f8239b889f1de59b8b4d.
[[0;32m  OK  [0m] Unmounted /var/lib/docker/container...e0b1141f26688c24e2b68208a2b/shm.
[[0;32m  OK  [0m] Unmounted /var/lib/docker/aufs/mnt/...ab02db7911da72b7fc91eac36e85bec.
[[0;32m  OK  [0m] Unmounted /var/lib/docker/aufs/mnt/...64d29d731a05e2eef5055f7cf809d27.
[[0;32m  OK  [0m] Unmounted /var/lib/docker/container...e84845f3f42efe9f1f90ee7b032/shm.
[[0;32m  OK  [0m] Unmounted /var/lib/docker/aufs/mnt/...8a8407e2f10cf94b88754f30efa1ef7.
[[0;32m  OK  [0m] Stopped Unattended Upgrades Shutdown.
[[0;32m  OK  [0m] Unmounted /var/lib/docker/aufs/mnt/...7f20dd557e633b6d5066d5d2ddd44c5.
[[0;32m  OK  [0m] Unmounted /var/lib/docker/container...cd3a394e54cdcbab571f3e6c178/shm.
[[0;32m  OK  [0m] Unmounted /run/docker/netns/78b1a17ea829.
[[0;32m  OK  [0m] Unmounted /run/docker/netns/1afdf48ff324.
[[0;32m  OK  [0m] Unmounted /var/lib/docker/container...4c3d80c2f33ae78c8e8aa1f024a/shm.
[[0;32m  OK  [0m] Unmounted /var/lib/docker/container...3cf1f8b086ca64d09fb3a50520a/shm.
[[0;32m  OK  [0m] Unmounted /var/lib/docker/container...6305eb7bb314da349ad8185df15/shm.
[[0;32m  OK  [0m] Unmounted /var/lib/docker/container...2228f41ba08bf40cb08b0dac16e/shm.
[[0;32m  OK  [0m] Unmounted /var/lib/docker/aufs/mnt/...ed8b5501f3ba4b122538d7d00ffb08a.
[[0;32m  OK  [0m] Unmounted /var/lib/docker/aufs/mnt/...1c4b01f1a9349f9ec1d459f8dbbc11e.
[[0;32m  OK  [0m] Unmounted /var/lib/docker/aufs/mnt/...c6358cabf2d18552e6e86434a091f09.
[[0;32m  OK  [0m] Unmounted /var/lib/docker/aufs/mnt/...76b47ffe79632e8a50eeee45b03b7e1.
[[0;32m  OK  [0m] Unmounted /var/lib/docker/aufs/mnt/...66484e9f6cb084a8f3afaf7927d359c.
[[0;32m  OK  [0m] Unmounted /var/lib/docker/container...e5bd30c633f50c61721e8655731/shm.
[[0;32m  OK  [0m] Unmounted /var/lib/docker/aufs/mnt/...4db1ed4e23b975d0de3f293324ff029.
[[0;32m  OK  [0m] Unmounted /var/lib/docker/aufs/mnt/...0d99671e397b6011388e998e2c259f6.
[[0;32m  OK  [0m] Unmounted /var/lib/docker/aufs/mnt/...6152a9c840d6dfaa32ba4d2876f02f1.
[[0;32m  OK  [0m] Unmounted /var/lib/docker/aufs/mnt/...aa9207ba37ee3d70743605720bbebdf.
[[0;32m  OK  [0m] Unmounted /var/lib/docker/aufs/mnt/...8f1ce6eb8ef90cd470ddf83963a0885.
[[0;32m  OK  [0m] Stopped Login to default iSCSI targets.
         Stopping iSCSI initiator daemon (iscsid)...
[[0;32m  OK  [0m] Stopped iSCSI initiator daemon (iscsid).
[[0;32m  OK  [0m] Stopped target Network is Online.
[[0;32m  OK  [0m] Unmounted /var/lib/docker/aufs/mnt/...fb4fa1f64fbd431affbf81661543c0d.
[[0;32m  OK  [0m] Unmounted /var/lib/docker/aufs.
[[0;32m  OK  [0m] Stopped Docker Application Container Engine.
[[0;32m  OK  [0m] Stopped target Network.
[[0;32m  OK  [0m] Stopped target Basic System.
[[0;32m  OK  [0m] Stopped target Paths.
[[0;32m  OK  [0m] Stopped ACPI Events Check.
[[0;32m  OK  [0m] Stopped Forward Password Requests to Wall Directory Watch.
[[0;32m  OK  [0m] Stopped Dispatch Password Requests to Console Directory Watch.
[[0;32m  OK  [0m] Stopped target Slices.
[[0;32m  OK  [0m] Removed slice User and Session Slice.
[[0;32m  OK  [0m] Stopped target Sockets.
[[0;32m  OK  [0m] Closed UUID daemon activation socket.
[[0;32m  OK  [0m] Closed LXD - unix socket.
[[0;32m  OK  [0m] Closed Syslog Socket.
[[0;32m  OK  [0m] Closed Socket activation for snappy daemon.
[[0;32m  OK  [0m] Closed ACPID Listen Socket.
[[0;32m  OK  [0m] Closed D-Bus System Message Bus Socket.
[[0;32m  OK  [0m] Closed Docker Socket for the API.
[[0;32m  OK  [0m] Stopped target System Initialization.
         Stopping Load/Save Random Seed...
[[0;32m  OK  [0m] Stopped Initial cloud-init job (metadata service crawler).
         Stopping Raise network interfaces...
         Stopping LSB: ebtables ruleset management...
[[0;32m  OK  [0m] Stopped target Swap.
[[0;32m  OK  [0m] Stopped target Encrypted Volumes.
[[0;32m  OK  [0m] Stopped Create Volatile Files and Directories.
[[0;32m  OK  [0m] Stopped Load/Save Random Seed.
[[0;32m  OK  [0m] Stopped LSB: ebtables ruleset management.
[[0;32m  OK  [0m] Stopped Raise network interfaces.
[[0;32m  OK  [0m] Stopped target Network (Pre).
[[0;32m  OK  [0m] Stopped Initial cloud-init job (pre-networking).
[[0;32m  OK  [0m] Stopped Apply Kernel Variables.
[[0;32m  OK  [0m] Stopped Load Kernel Modules.
[[0;32m  OK  [0m] Stopped target Local File Systems.
         Unmounting /var/lib/kubelet/pods/e0...secret/kube-proxy-token-fkq8c...
         Unmounting /run/docker/netns/default...
         Unmounting /var/lib/kubelet/pods/e0...ecret/calico-node-token-ncts8...
         Unmounting /vagrant...
         Unmounting /var/lib/kubelet/pods/e0...io~secret/coredns-token-gtkps...
         Unmounting /run/user/1000...
         Unmounting /var/lib/kubelet/pods/e0...io~secret/coredns-token-gtkps...
[[0;32m  OK  [0m] Unmounted /var/lib/kubelet/pods/e07...o~secret/kube-proxy-token-fkq8c.
[[0;32m  OK  [0m] Unmounted /run/docker/netns/default.
[[0;32m  OK  [0m] Unmounted /var/lib/kubelet/pods/e07...~secret/calico-node-token-ncts8.
[[0;32m  OK  [0m] Unmounted /var/lib/kubelet/pods/e03...s.io~secret/coredns-token-gtkps.
[[0;32m  OK  [0m] Unmounted /run/user/1000.
[[0;32m  OK  [0m] Unmounted /var/lib/kubelet/pods/e03...s.io~secret/coredns-token-gtkps.
[[0;32m  OK  [0m] Unmounted /vagrant.
[[0;32m  OK  [0m] Reached target Unmount All Filesystems.
[[0;32m  OK  [0m] Stopped target Local File Systems (Pre).
[[0;32m  OK  [0m] Stopped Remount Root and Kernel File Systems.
         Stopping Monitoring of LVM2 mirrors... dmeventd or progress polling...
[[0;32m  OK  [0m] Stopped Create Static Device Nodes in /dev.
[[0;32m  OK  [0m] Reached target Shutdown.
[  403.913324] reboot: Power down
